0 info it worked if it ends with ok
1 verbose cli [ 'C:\\Program Files\\nodejs\\node.exe',
1 verbose cli   'C:\\Program Files\\nodejs\\node_modules\\npm\\bin\\npm-cli.js',
1 verbose cli   'run',
1 verbose cli   'patch' ]
2 info using npm@3.3.12
3 info using node@v5.4.0
4 verbose run-script [ 'prepatch', 'patch', 'postpatch' ]
5 info lifecycle pure-ui@0.1.4~prepatch: pure-ui@0.1.4
6 silly lifecycle pure-ui@0.1.4~prepatch: no script for prepatch, continuing
7 info lifecycle pure-ui@0.1.4~patch: pure-ui@0.1.4
8 verbose lifecycle pure-ui@0.1.4~patch: unsafe-perm in lifecycle true
9 verbose lifecycle pure-ui@0.1.4~patch: PATH: C:\Users\zilong\AppData\Roaming\nvm\v5.4.0\node_modules\npm\bin\node-gyp-bin;D:\github\pure\node_modules\.bin;C:\Program Files (x86)\Intel\iCLS Client\;C:\Program Files\Intel\iCLS Client\;C:\Program Files (x86)\NVIDIA Corporation\PhysX\Common;C:\Windows\system32;C:\Windows;C:\Windows\System32\Wbem;C:\Windows\System32\WindowsPowerShell\v1.0\;C:\Program Files (x86)\Acer\abFiles\;C:\Program Files\Intel\Intel(R) Management Engine Components\DAL;C:\Program Files (x86)\Intel\Intel(R) Management Engine Components\DAL;C:\Program Files\Intel\Intel(R) Management Engine Components\IPT;C:\Program Files (x86)\Intel\Intel(R) Management Engine Components\IPT;C:\Program Files\Git\cmd;C:\Program Files (x86)\NSIS;C:\Program Files (x86)\Windows Kits\8.1\Windows Performance Toolkit\;C:\Users\zilong\AppData\Local\atom\app-1.2.0\resources\app\apm\bin;C:\Users\zilong\AppData\Roaming\nvm;C:\Program Files\nodejs;D:\software\TortoiseGit\bin;C:\Program Files (x86)\Yarn\bin;C:\Users\zilong\AppData\Local\atom\app-1.2.0\resources\app\apm\bin;C:\Users\zilong\AppData\Local\atom\bin;C:\Users\zilong\AppData\Roaming\nvm;C:\Program Files\nodejs
10 verbose lifecycle pure-ui@0.1.4~patch: CWD: D:\github\pure
11 silly lifecycle pure-ui@0.1.4~patch: Args: [ '/d /s /c', 'np patch --skip-cleanup' ]
12 silly lifecycle pure-ui@0.1.4~patch: Returned: code: 1  signal: null
13 info lifecycle pure-ui@0.1.4~patch: Failed to exec patch script
14 verbose stack Error: pure-ui@0.1.4 patch: `np patch --skip-cleanup`
14 verbose stack Exit status 1
14 verbose stack     at EventEmitter.<anonymous> (C:\Users\zilong\AppData\Roaming\nvm\v5.4.0\node_modules\npm\lib\utils\lifecycle.js:232:16)
14 verbose stack     at emitTwo (events.js:87:13)
14 verbose stack     at EventEmitter.emit (events.js:172:7)
14 verbose stack     at ChildProcess.<anonymous> (C:\Users\zilong\AppData\Roaming\nvm\v5.4.0\node_modules\npm\lib\utils\spawn.js:24:14)
14 verbose stack     at emitTwo (events.js:87:13)
14 verbose stack     at ChildProcess.emit (events.js:172:7)
14 verbose stack     at maybeClose (internal/child_process.js:821:16)
14 verbose stack     at Process.ChildProcess._handle.onexit (internal/child_process.js:211:5)
15 verbose pkgid pure-ui@0.1.4
16 verbose cwd D:\github\pure
17 error Windows_NT 6.3.9600
18 error argv "C:\\Program Files\\nodejs\\node.exe" "C:\\Program Files\\nodejs\\node_modules\\npm\\bin\\npm-cli.js" "run" "patch"
19 error node v5.4.0
20 error npm  v3.3.12
21 error code ELIFECYCLE
22 error pure-ui@0.1.4 patch: `np patch --skip-cleanup`
22 error Exit status 1
23 error Failed at the pure-ui@0.1.4 patch script 'np patch --skip-cleanup'.
23 error Make sure you have the latest version of node.js and npm installed.
23 error If you do, this is most likely a problem with the pure-ui package,
23 error not with npm itself.
23 error Tell the author that this fails on your system:
23 error     np patch --skip-cleanup
23 error You can get their info via:
23 error     npm owner ls pure-ui
23 error There is likely additional logging output above.
24 verbose exit [ 1, true ]
